[2025-12-04T17:42:17+08:00] DB: ccdi_visitors_inquiry | SQL: INSERT INTO `visitors` (`Visitor'sName`,`DateOfVisit`,`Address`,`Contact#`,`SchoolName/Office`,`Purpose`) VALUES (:name,NOW(),:address,:contact,:school,:purpose) | PARAMS: {":name":"Deniel Besid",":address":"Talisay Pangpang",":contact":"09267531412",":school":"CCDI",":purpose":"Visit"}
[2025-12-04T17:42:17+08:00] ERROR: SQLSTATE[42S22]: Column not found: 1054 Unknown column 'Visitor'sName' in 'field list'
[2025-12-04T17:54:34+08:00] DB: ccdi_visitors_inquiry | SQL: INSERT INTO `visitors` (`Name`,`DateOfVisit`,`Address`,`Contact`,`SchoolOrOffice`,`Purpose`) VALUES (:name,NOW(),:address,:contact,:school,:purpose) | PARAMS: {":name":"Israel Datur",":address":"Bitano Talisay",":contact":"09267531412",":school":"CCDI",":purpose":"Inquiry"}
[2025-12-04T17:54:34+08:00] Inserted ID: 2
[2025-12-04T18:05:17+08:00] DB: ccdi_visitors_inquiry | SQL: INSERT INTO `visitors` (`Name`,`DateOfVisit`,`Time`,`Address`,`Contact`,`SchoolOrOffice`,`Purpose`) VALUES (:name,CURDATE(),CURRENT_TIME(),:address,:contact,:school,:purpose) | PARAMS: {":name":"Rhendel Manapsal",":address":"Purok 7 Gimaloto",":contact":"09925584131",":school":"CCDI",":purpose":"Exam"}
[2025-12-04T18:05:17+08:00] Inserted ID: 3
[2025-12-04T20:31:09+08:00] DB: ccdi_visitors_inquiry | SQL: INSERT INTO `visitors` (`Name`,`DateOfVisit`,`Time`,`Address`,`Contact`,`SchoolOrOffice`,`Purpose`) VALUES (:name,CURDATE(),CURRENT_TIME(),:address,:contact,:school,:purpose) | PARAMS: {":name":"jhaei delete",":address":"Pangasinan",":contact":"09675177617",":school":"SSU",":purpose":"Exam"}
[2025-12-04T20:31:09+08:00] Inserted ID: 4
[2025-12-04T20:39:41+08:00] DB: ccdi_visitors_inquiry | SQL: INSERT INTO `visitors` (`Name`,`DateOfVisit`,`Time`,`Address`,`Contact`,`SchoolOrOffice`,`Purpose`) VALUES (:name,CURDATE(),CURRENT_TIME(),:address,:contact,:school,:purpose) | PARAMS: {":name":"Jane Doe",":address":"Cayetano Province",":contact":"05173541861",":school":"BU",":purpose":"Inquiry"}
[2025-12-04T20:39:41+08:00] Inserted ID: 5
[2025-12-04T22:03:48+08:00] DB: ccdi_visitors_inquiry | SQL: INSERT INTO `visitors` (`Name`,`DateOfVisit`,`Time`,`Address`,`Contact`,`SchoolOrOffice`,`Purpose`) VALUES (:name,CURDATE(),CURRENT_TIME(),:address,:contact,:school,:purpose) | PARAMS: {":name":"Alex Mercer",":address":"Bitano Legazpi",":contact":"09367154214",":school":"BU",":purpose":"Visit"}
[2025-12-04T22:03:48+08:00] Inserted ID: 7
[2025-12-05T22:08:27+08:00] DB: visitors_inquiry | SQL: INSERT INTO `visitors` (`Name`,`DateOfVisit`,`Time`,`Address`,`Contact`,`SchoolOrOffice`,`Purpose`) VALUES (:name,CURDATE(),CURRENT_TIME(),:address,:contact,:school,:purpose) | PARAMS: {":name":"Alfredo",":address":"bulabog",":contact":"123412232",":school":"us",":purpose":"Exam"}
[2025-12-05T22:08:27+08:00] ERROR: SQLSTATE[42S22]: Column not found: 1054 Unknown column 'DateOfVisit' in 'field list'
[2025-12-05T22:11:55+08:00] DB: visitors_inquiry | SQL: INSERT INTO `visitors` (`Name`,`Date of Visit`,`Time`,`Address`,`Contact`,`SchoolOrOffice`,`Purpose`) VALUES (:name,CURDATE(),CURRENT_TIME(),:address,:contact,:school,:purpose) | PARAMS: {":name":"Alfredo",":address":"bulabog",":contact":null,":school":"us",":purpose":"Exam"}
[2025-12-05T22:11:55+08:00] ERROR: SQLSTATE[23000]: Integrity constraint violation: 1048 Column 'Contact' cannot be null
[2025-12-05T22:12:14+08:00] DB: visitors_inquiry | SQL: INSERT INTO `visitors` (`Name`,`Date of Visit`,`Time`,`Address`,`Contact`,`SchoolOrOffice`,`Purpose`) VALUES (:name,CURDATE(),CURRENT_TIME(),:address,:contact,:school,:purpose) | PARAMS: {":name":"Alfredo",":address":"bulabog",":contact":"123234",":school":"us",":purpose":"Inquiry"}
[2025-12-05T22:12:14+08:00] Inserted ID: 0
[2025-12-05T22:17:03+08:00] DB: visitors_inquiry | SQL: INSERT INTO `visitors` (`Name`,`Date of Visit`,`Time`,`Address`,`Contact`,`SchoolOrOffice`,`Purpose`) VALUES (:name,CURDATE(),CURRENT_TIME(),:address,:contact,:school,:purpose) | PARAMS: {":name":"ddvdd",":address":"sdvvv",":contact":"fdfsdd",":school":"scd",":purpose":"Inquiry"}
[2025-12-05T22:17:03+08:00] ERROR: SQLSTATE[23000]: Integrity constraint violation: 1062 Duplicate entry '0' for key 'PRIMARY'
[2025-12-05T22:17:25+08:00] DB: visitors_inquiry | SQL: INSERT INTO `visitors` (`Name`,`Date of Visit`,`Time`,`Address`,`Contact`,`SchoolOrOffice`,`Purpose`) VALUES (:name,CURDATE(),CURRENT_TIME(),:address,:contact,:school,:purpose) | PARAMS: {":name":"Alfredo",":address":"sddvcvcv",":contact":"123234",":school":"gd",":purpose":"Inquiry"}
[2025-12-05T22:17:25+08:00] ERROR: SQLSTATE[23000]: Integrity constraint violation: 1062 Duplicate entry '0' for key 'PRIMARY'
[2025-12-05T22:25:29+08:00] DB: visitors_inquiry | SQL: INSERT INTO `visitors` (`Name`,`DateOfVisit`,`Time`,`Address`,`Contact`,`SchoolOrOffice`,`Purpose`) VALUES (:name,CURDATE(),CURRENT_TIME(),:address,:contact,:school,:purpose) | PARAMS: {":name":"Alfredo",":address":"sddvcvcv",":contact":"123234",":school":"gd",":purpose":"Inquiry"}
[2025-12-05T22:25:29+08:00] ERROR: SQLSTATE[42S22]: Column not found: 1054 Unknown column 'DateOfVisit' in 'field list'
[2025-12-05T22:33:26+08:00] DB: visitors_inquiry | SQL: INSERT INTO `visitors` (`Name`,`Date of Visit`,`Time`,`Address`,`Contact`,`SchoolOrOffice`,`Purpose`) VALUES (:name,CURDATE(),CURRENT_TIME(),:address,:contact,:school,:purpose) | PARAMS: {":name":"Boom",":address":"Bulabog",":contact":"09123434543",":school":"23424",":purpose":"Visit"}
[2025-12-05T22:33:26+08:00] ERROR: SQLSTATE[42S22]: Column not found: 1054 Unknown column 'Date of Visit' in 'field list'
[2025-12-05T22:44:55+08:00] DB: ccdi_visitors_inquiry | SQL: INSERT INTO `visitors` (`Name`,`DateOfVisit`,`Time`,`Address`,`Contact`,`SchoolOrOffice`,`Purpose`) VALUES (:name,CURDATE(),CURRENT_TIME(),:address,:contact,:school,:purpose) | PARAMS: {":name":"qwert",":address":"Bulabog",":contact":"1223323",":school":"qwa",":purpose":"Visit"}
[2025-12-05T22:44:55+08:00] Inserted ID: 8
[2025-12-05T22:46:48+08:00] DB: visitors_inquiry | SQL: INSERT INTO `visitors` (`Name`,`DateOfVisit`,`Time`,`Address`,`Contact`,`SchoolOrOffice`,`Purpose`) VALUES (:name,CURDATE(),CURRENT_TIME(),:address,:contact,:school,:purpose) | PARAMS: {":name":"Boom",":address":"bulabog",":contact":"12312334",":school":"us",":purpose":"Visit"}
[2025-12-05T22:46:48+08:00] Inserted ID: 3
[2025-12-05T23:23:27+08:00] DB: visitors_inquiry | SQL: INSERT INTO `visitors` (`Name`,`DateOfVisit`,`Time`,`Address`,`Contact`,`SchoolOrOffice`,`Purpose`) VALUES (:name,CURDATE(),CURRENT_TIME(),:address,:contact,:school,:purpose) | PARAMS: {":name":"gmanlangit",":address":"bulabog",":contact":"09241254",":school":"us",":purpose":"Other"}
[2025-12-05T23:23:27+08:00] Inserted ID: 4
[2025-12-05T23:25:49+08:00] DB: visitors_inquiry | SQL: INSERT INTO `visitors` (`Name`,`DateOfVisit`,`Time`,`Address`,`Contact`,`SchoolOrOffice`,`Purpose`) VALUES (:name,CURDATE(),CURRENT_TIME(),:address,:contact,:school,:purpose) | PARAMS: {":name":"aalammoha",":address":"bulabog",":contact":"0563233",":school":"ccdi",":purpose":"Inquiry"}
[2025-12-05T23:25:49+08:00] Inserted ID: 5
